tar_sequence_name query start target start kmer
STRG.12.1 gene=STRG.12 4806 10 66
STRG.24.1 gene=STRG.24 4806 12 1316
STRG.24.1 gene=STRG.24 4806 13 1317
STRG.24.1 gene=STRG.24 4806 14 1318
STRG.11.1 gene=STRG.11 4806 20 24
STRG.20.3 gene=STRG.20 4806 102 5720
STRG.20.1 gene=STRG.20 4806 102 15438
STRG.20.2 gene=STRG.20 4806 102 16023
STRG.20.3 gene=STRG.20 4806 103 5721
STRG.20.1 gene=STRG.20 4806 103 15439
STRG.20.2 gene=STRG.20 4806 103 16024
STRG.57.1 gene=STRG.57 4806 121 719
STRG.57.2 gene=STRG.57 4806 121 719
STRG.16.1 gene=STRG.16 4806 125 273
STRG.16.2 gene=STRG.16 4806 125 273
STRG.2.1 gene=STRG.2 4806 165 552
STRG.2.2 gene=STRG.2 4806 165 552
STRG.5.1 gene=STRG.5 4806 166 2100
STRG.47.2 gene=STRG.47 4806 190 1294
STRG.35.1 gene=STRG.35 4806 207 1507
STRG.4.1 gene=STRG.4 4806 252 2100
STRG.8.1 gene=STRG.8 4806 252 18
STRG.8.1 gene=STRG.8 4806 253 19
STRG.8.1 gene=STRG.8 4806 254 20
STRG.8.1 gene=STRG.8 4806 255 21
STRG.8.1 gene=STRG.8 4806 256 22
STRG.21.2 gene=STRG.21 4806 299 198
STRG.21.1 gene=STRG.21 4806 299 198
STRG.18.2 gene=STRG.18 4806 305 10545
STRG.18.1 gene=STRG.18 4806 305 10599
STRG.20.3 gene=STRG.20 4806 314 795
STRG.20.1 gene=STRG.20 4806 314 10513
STRG.20.2 gene=STRG.20 4806 314 11098
STRG.20.3 gene=STRG.20 4806 315 796
STRG.20.1 gene=STRG.20 4806 315 10514
STRG.20.2 gene=STRG.20 4806 315 11099
STRG.58.1 gene=STRG.58 4806 318 868
STRG.58.1 gene=STRG.58 4806 319 869
STRG.58.1 gene=STRG.58 4806 320 870
STRG.2.1 gene=STRG.2 4806 322 3226
STRG.2.2 gene=STRG.2 4806 322 3226
STRG.20.3 gene=STRG.20 4806 349 7678
STRG.20.1 gene=STRG.20 4806 349 17396
STRG.20.2 gene=STRG.20 4806 349 17981
STRG.20.1 gene=STRG.20 4806 388 4193
STRG.20.2 gene=STRG.20 4806 388 4193
STRG.20.1 gene=STRG.20 4806 390 10021
STRG.20.2 gene=STRG.20 4806 390 10606
STRG.20.1 gene=STRG.20 4806 391 10022
STRG.20.2 gene=STRG.20 4806 391 10607
STRG.59.2 gene=STRG.59 4806 398 748
STRG.18.2 gene=STRG.18 4806 403 4090
STRG.18.1 gene=STRG.18 4806 403 4144
STRG.18.2 gene=STRG.18 4806 409 15275
STRG.18.1 gene=STRG.18 4806 409 15329
STRG.20.3 gene=STRG.20 4806 459 5399
STRG.20.1 gene=STRG.20 4806 459 15117
STRG.20.2 gene=STRG.20 4806 459 15702
STRG.20.1 gene=STRG.20 4806 581 123
STRG.20.2 gene=STRG.20 4806 581 123
STRG.31.1 gene=STRG.31 4806 597 1196
STRG.31.2 gene=STRG.31 4806 597 1196
STRG.3.3 gene=STRG.3 4806 607 64
STRG.3.3 gene=STRG.3 4806 608 65
STRG.3.3 gene=STRG.3 4806 609 66
STRG.3.3 gene=STRG.3 4806 610 67
STRG.18.2 gene=STRG.18 4806 641 11653
STRG.18.1 gene=STRG.18 4806 641 11707
STRG.23.3 gene=STRG.23 4806 647 517
STRG.23.1 gene=STRG.23 4806 647 290
STRG.23.2 gene=STRG.23 4806 647 290
STRG.23.3 gene=STRG.23 4806 648 518
STRG.23.1 gene=STRG.23 4806 648 291
STRG.23.2 gene=STRG.23 4806 648 291
STRG.58.1 gene=STRG.58 4806 682 488
STRG.48.1 gene=STRG.48 4806 688 3475
STRG.13.1 gene=STRG.13 4806 764 2740
STRG.13.1 gene=STRG.13 4806 765 2741
STRG.14.1 gene=STRG.14 4806 768 767
STRG.5.1 gene=STRG.5 4806 780 185
STRG.5.1 gene=STRG.5 4806 781 186
STRG.26.1 gene=STRG.26 4806 802 1867
STRG.26.2 gene=STRG.26 4806 802 2889
STRG.26.1 gene=STRG.26 4806 803 1868
STRG.26.2 gene=STRG.26 4806 803 2890
STRG.44.1 gene=STRG.44 4806 828 2808
STRG.44.2 gene=STRG.44 4806 828 2808
STRG.57.1 gene=STRG.57 4806 830 752
STRG.57.2 gene=STRG.57 4806 830 752
STRG.57.1 gene=STRG.57 4806 831 753
STRG.57.2 gene=STRG.57 4806 831 753
STRG.18.2 gene=STRG.18 4806 836 7674
STRG.18.1 gene=STRG.18 4806 836 7728
STRG.18.2 gene=STRG.18 4806 858 4719
STRG.18.1 gene=STRG.18 4806 858 4773
STRG.18.2 gene=STRG.18 4806 859 4720
STRG.18.1 gene=STRG.18 4806 859 4774
STRG.9.1 gene=STRG.9 4806 874 1474
STRG.9.2 gene=STRG.9 4806 874 1474
STRG.9.3 gene=STRG.9 4806 874 1694
STRG.56.1 gene=STRG.56 4806 935 1470
STRG.56.3 gene=STRG.56 4806 935 2668
STRG.7.6 gene=STRG.7 4806 947 136
STRG.18.2 gene=STRG.18 4806 980 166
STRG.18.1 gene=STRG.18 4806 980 166
STRG.2.1 gene=STRG.2 4806 981 736
STRG.2.2 gene=STRG.2 4806 981 736
STRG.42.2 gene=STRG.42 4806 1005 926
STRG.42.2 gene=STRG.42 4806 1006 927
STRG.42.2 gene=STRG.42 4806 1007 928
STRG.57.2 gene=STRG.57 4806 1007 3573
STRG.57.2 gene=STRG.57 4806 1008 3574
STRG.20.3 gene=STRG.20 4806 1019 139
STRG.20.3 gene=STRG.20 4806 1020 140
STRG.10.6 gene=STRG.10 4806 1028 296
STRG.10.1 gene=STRG.10 4806 1028 50
STRG.10.4 gene=STRG.10 4806 1028 50
STRG.10.6 gene=STRG.10 4806 1029 297
STRG.10.1 gene=STRG.10 4806 1029 51
STRG.10.4 gene=STRG.10 4806 1029 51
STRG.10.6 gene=STRG.10 4806 1030 298
STRG.10.1 gene=STRG.10 4806 1030 52
STRG.10.4 gene=STRG.10 4806 1030 52
STRG.1.1 gene=STRG.1 4806 1034 4072
STRG.1.1 gene=STRG.1 4806 1071 1402
STRG.1.1 gene=STRG.1 4806 1072 1403
STRG.4.1 gene=STRG.4 4806 1072 171
STRG.27.1 gene=STRG.27 4806 1077 171
STRG.31.2 gene=STRG.31 4806 1101 3536
STRG.31.3 gene=STRG.31 4806 1101 2446
STRG.31.2 gene=STRG.31 4806 1102 3537
STRG.31.3 gene=STRG.31 4806 1102 2447
STRG.44.1 gene=STRG.44 4806 1114 3567
STRG.44.2 gene=STRG.44 4806 1114 3567
STRG.31.2 gene=STRG.31 4806 1130 3777
STRG.31.3 gene=STRG.31 4806 1130 2687
STRG.60.1 gene=STRG.60 4806 1158 393
STRG.2.1 gene=STRG.2 4806 1214 409
STRG.2.2 gene=STRG.2 4806 1214 409
STRG.3.2 gene=STRG.3 4806 1219 342
STRG.23.2 gene=STRG.23 4806 1225 2940
STRG.48.1 gene=STRG.48 4806 1257 2178
STRG.48.2 gene=STRG.48 4806 1257 2178
STRG.27.1 gene=STRG.27 4806 1278 2711
STRG.28.1 gene=STRG.28 4806 1282 72
STRG.34.1 gene=STRG.34 4806 1306 871
STRG.34.1 gene=STRG.34 4806 1307 872
STRG.23.3 gene=STRG.23 4806 1324 1515
STRG.23.1 gene=STRG.23 4806 1324 1288
STRG.23.2 gene=STRG.23 4806 1324 1288
STRG.52.1 gene=STRG.52 4806 1355 2047
STRG.36.1 gene=STRG.36 4806 1408 2371
STRG.36.1 gene=STRG.36 4806 1409 2372
STRG.45.1 gene=STRG.45 4806 1428 1074
STRG.31.2 gene=STRG.31 4806 1429 4221
STRG.31.3 gene=STRG.31 4806 1429 3131
STRG.31.1 gene=STRG.31 4806 1442 559
STRG.31.2 gene=STRG.31 4806 1442 559
STRG.35.1 gene=STRG.35 4806 1453 783
STRG.35.1 gene=STRG.35 4806 1454 784
STRG.26.1 gene=STRG.26 4806 1460 293
STRG.26.2 gene=STRG.26 4806 1460 1315
STRG.13.2 gene=STRG.13 4806 1472 852
STRG.31.1 gene=STRG.31 4806 1473 1171
STRG.31.2 gene=STRG.31 4806 1473 1171
STRG.9.2 gene=STRG.9 4806 1500 1758
STRG.9.3 gene=STRG.9 4806 1500 1978
STRG.9.2 gene=STRG.9 4806 1501 1759
STRG.9.3 gene=STRG.9 4806 1501 1979
STRG.28.1 gene=STRG.28 4806 1502 1275
STRG.2.1 gene=STRG.2 4806 1504 2217
STRG.2.2 gene=STRG.2 4806 1504 2217
STRG.26.1 gene=STRG.26 4806 1504 699
STRG.26.2 gene=STRG.26 4806 1504 1721
STRG.49.2 gene=STRG.49 4806 1526 934
STRG.49.1 gene=STRG.49 4806 1526 854
STRG.51.1 gene=STRG.51 4806 1527 228
STRG.32.2 gene=STRG.32 4806 1530 325
STRG.32.1 gene=STRG.32 4806 1530 325
STRG.3.2 gene=STRG.3 4806 1554 326
STRG.1.1 gene=STRG.1 4806 1559 3847
STRG.31.1 gene=STRG.31 4806 1591 1234
STRG.31.2 gene=STRG.31 4806 1591 1234
STRG.1.1 gene=STRG.1 4806 1637 3983
STRG.13.2 gene=STRG.13 4806 1639 3136
STRG.20.3 gene=STRG.20 4806 1710 647
STRG.20.1 gene=STRG.20 4806 1710 10365
STRG.20.2 gene=STRG.20 4806 1710 10950
STRG.20.3 gene=STRG.20 4806 1711 648
STRG.20.1 gene=STRG.20 4806 1711 10366
STRG.20.2 gene=STRG.20 4806 1711 10951
STRG.20.3 gene=STRG.20 4806 1712 649
STRG.20.1 gene=STRG.20 4806 1712 10367
STRG.20.2 gene=STRG.20 4806 1712 10952
STRG.25.2 gene=STRG.25 4806 1712 234
STRG.25.1 gene=STRG.25 4806 1712 133
STRG.20.3 gene=STRG.20 4806 1713 650
STRG.20.1 gene=STRG.20 4806 1713 10368
STRG.20.2 gene=STRG.20 4806 1713 10953
STRG.18.1 gene=STRG.18 4806 1762 18637
STRG.13.2 gene=STRG.13 4806 1762 3154
STRG.18.1 gene=STRG.18 4806 1763 18638
STRG.41.2 gene=STRG.41 4806 1770 2006
STRG.41.3 gene=STRG.41 4806 1770 1945
STRG.41.1 gene=STRG.41 4806 1770 1734
STRG.41.2 gene=STRG.41 4806 1771 2007
STRG.41.3 gene=STRG.41 4806 1771 1946
STRG.41.1 gene=STRG.41 4806 1771 1735
STRG.9.3 gene=STRG.9 4806 1785 249
STRG.18.2 gene=STRG.18 4806 1786 6681
STRG.18.1 gene=STRG.18 4806 1786 6735
STRG.57.1 gene=STRG.57 4806 1797 1594
STRG.57.2 gene=STRG.57 4806 1797 1594
STRG.2.1 gene=STRG.2 4806 1800 3712
STRG.2.2 gene=STRG.2 4806 1800 3712
STRG.30.1 gene=STRG.30 4806 1850 349
STRG.11.1 gene=STRG.11 4806 1874 853
STRG.11.1 gene=STRG.11 4806 1875 854
STRG.13.1 gene=STRG.13 4806 1904 2803
STRG.29.1 gene=STRG.29 4806 1981 426
STRG.15.1 gene=STRG.15 4806 1984 967
STRG.33.1 gene=STRG.33 4806 1996 1757
STRG.33.1 gene=STRG.33 4806 1997 1758
STRG.33.1 gene=STRG.33 4806 2015 4486
STRG.33.2 gene=STRG.33 4806 2015 4300
STRG.23.3 gene=STRG.23 4806 2022 282
STRG.23.1 gene=STRG.23 4806 2022 55
STRG.23.2 gene=STRG.23 4806 2022 55
STRG.34.1 gene=STRG.34 4806 2104 1441
STRG.5.1 gene=STRG.5 4806 2130 1424
STRG.33.1 gene=STRG.33 4806 2174 2240
STRG.33.2 gene=STRG.33 4806 2174 2057
STRG.53.1 gene=STRG.53 4806 2174 525
STRG.53.2 gene=STRG.53 4806 2174 525
STRG.26.1 gene=STRG.26 4806 2180 1031
STRG.26.2 gene=STRG.26 4806 2180 2053
STRG.20.1 gene=STRG.20 4806 2193 9690
STRG.20.2 gene=STRG.20 4806 2193 10275
STRG.35.1 gene=STRG.35 4806 2201 1335
STRG.20.3 gene=STRG.20 4806 2202 6546
STRG.20.1 gene=STRG.20 4806 2202 16264
STRG.20.2 gene=STRG.20 4806 2202 16849
STRG.20.3 gene=STRG.20 4806 2203 6547
STRG.20.1 gene=STRG.20 4806 2203 16265
STRG.20.2 gene=STRG.20 4806 2203 16850
STRG.48.1 gene=STRG.48 4806 2206 2109
STRG.48.2 gene=STRG.48 4806 2206 2109
STRG.48.1 gene=STRG.48 4806 2207 2110
STRG.48.2 gene=STRG.48 4806 2207 2110
STRG.48.1 gene=STRG.48 4806 2208 2111
STRG.48.2 gene=STRG.48 4806 2208 2111
STRG.20.3 gene=STRG.20 4806 2211 851
STRG.20.1 gene=STRG.20 4806 2211 10569
STRG.20.2 gene=STRG.20 4806 2211 11154
STRG.36.1 gene=STRG.36 4806 2247 1749
STRG.26.1 gene=STRG.26 4806 2251 285
STRG.26.2 gene=STRG.26 4806 2251 1307
STRG.26.1 gene=STRG.26 4806 2252 286
STRG.26.2 gene=STRG.26 4806 2252 1308
STRG.26.1 gene=STRG.26 4806 2253 287
STRG.26.2 gene=STRG.26 4806 2253 1309
STRG.26.1 gene=STRG.26 4806 2254 288
STRG.26.2 gene=STRG.26 4806 2254 1310
STRG.26.1 gene=STRG.26 4806 2255 289
STRG.26.2 gene=STRG.26 4806 2255 1311
STRG.31.1 gene=STRG.31 4806 2255 1432
STRG.31.2 gene=STRG.31 4806 2255 1432
STRG.31.3 gene=STRG.31 4806 2255 342
STRG.11.1 gene=STRG.11 4806 2256 227
STRG.26.1 gene=STRG.26 4806 2256 290
STRG.26.2 gene=STRG.26 4806 2256 1312
STRG.37.1 gene=STRG.37 4806 2336 257
STRG.18.2 gene=STRG.18 4806 2356 7797
STRG.18.1 gene=STRG.18 4806 2356 7851
STRG.13.1 gene=STRG.13 4806 2359 3442
STRG.52.1 gene=STRG.52 4806 2393 818
STRG.52.1 gene=STRG.52 4806 2394 819
STRG.52.1 gene=STRG.52 4806 2395 820
STRG.52.1 gene=STRG.52 4806 2396 821
STRG.18.2 gene=STRG.18 4806 2440 9042
STRG.18.1 gene=STRG.18 4806 2440 9096
STRG.9.1 gene=STRG.9 4806 2456 344
STRG.9.2 gene=STRG.9 4806 2456 344
STRG.9.3 gene=STRG.9 4806 2456 564
STRG.9.1 gene=STRG.9 4806 2457 345
STRG.9.2 gene=STRG.9 4806 2457 345
STRG.9.3 gene=STRG.9 4806 2457 565
STRG.13.2 gene=STRG.13 4806 2474 1745
STRG.18.2 gene=STRG.18 4806 2480 10425
STRG.18.1 gene=STRG.18 4806 2480 10479
STRG.20.1 gene=STRG.20 4806 2483 4703
STRG.20.2 gene=STRG.20 4806 2483 4703
STRG.20.3 gene=STRG.20 4806 2486 480
STRG.20.1 gene=STRG.20 4806 2486 10198
STRG.20.2 gene=STRG.20 4806 2486 10783
STRG.20.3 gene=STRG.20 4806 2487 481
STRG.20.1 gene=STRG.20 4806 2487 10199
STRG.20.2 gene=STRG.20 4806 2487 10784
STRG.20.3 gene=STRG.20 4806 2488 482
STRG.20.1 gene=STRG.20 4806 2488 10200
STRG.20.2 gene=STRG.20 4806 2488 10785
STRG.36.1 gene=STRG.36 4806 2508 409
STRG.31.1 gene=STRG.31 4806 2517 1952
STRG.31.2 gene=STRG.31 4806 2517 1952
STRG.31.3 gene=STRG.31 4806 2517 862
STRG.48.1 gene=STRG.48 4806 2517 1123
STRG.48.2 gene=STRG.48 4806 2517 1123
STRG.33.1 gene=STRG.33 4806 2655 1430
STRG.33.2 gene=STRG.33 4806 2655 1430
STRG.33.1 gene=STRG.33 4806 2656 1431
STRG.33.2 gene=STRG.33 4806 2656 1431
STRG.48.1 gene=STRG.48 4806 2680 2573
STRG.15.1 gene=STRG.15 4806 2698 879
STRG.20.1 gene=STRG.20 4806 2717 3886
STRG.20.2 gene=STRG.20 4806 2717 3886
STRG.18.2 gene=STRG.18 4806 2718 16049
STRG.18.1 gene=STRG.18 4806 2718 16103
STRG.31.1 gene=STRG.31 4806 2723 677
STRG.31.2 gene=STRG.31 4806 2723 677
STRG.20.1 gene=STRG.20 4806 2749 2108
STRG.20.2 gene=STRG.20 4806 2749 2108
STRG.22.1 gene=STRG.22 4806 2750 665
STRG.34.1 gene=STRG.34 4806 2793 533
STRG.48.1 gene=STRG.48 4806 2795 1740
STRG.48.2 gene=STRG.48 4806 2795 1740
STRG.40.1 gene=STRG.40 4806 2804 887
STRG.20.3 gene=STRG.20 4806 2808 4606
STRG.20.1 gene=STRG.20 4806 2808 14324
STRG.20.2 gene=STRG.20 4806 2808 14909
STRG.52.1 gene=STRG.52 4806 2810 1299
STRG.37.1 gene=STRG.37 4806 2832 765
STRG.14.1 gene=STRG.14 4806 2837 1564
STRG.14.1 gene=STRG.14 4806 2838 1565
STRG.23.3 gene=STRG.23 4806 2909 947
STRG.23.1 gene=STRG.23 4806 2909 720
STRG.23.2 gene=STRG.23 4806 2909 720
STRG.53.1 gene=STRG.53 4806 2966 685
STRG.53.2 gene=STRG.53 4806 2966 685
STRG.53.1 gene=STRG.53 4806 2967 686
STRG.53.2 gene=STRG.53 4806 2967 686
STRG.11.1 gene=STRG.11 4806 2976 231
STRG.60.1 gene=STRG.60 4806 2985 871
STRG.3.1 gene=STRG.3 4806 3005 176
STRG.20.1 gene=STRG.20 4806 3052 282
STRG.20.2 gene=STRG.20 4806 3052 282
STRG.20.1 gene=STRG.20 4806 3053 283
STRG.20.2 gene=STRG.20 4806 3053 283
STRG.17.1 gene=STRG.17 4806 3067 204
STRG.17.1 gene=STRG.17 4806 3068 205
STRG.12.1 gene=STRG.12 4806 3080 983
STRG.20.3 gene=STRG.20 4806 3085 3682
STRG.20.1 gene=STRG.20 4806 3085 13400
STRG.20.2 gene=STRG.20 4806 3085 13985
STRG.54.1 gene=STRG.54 4806 3087 882
STRG.59.1 gene=STRG.59 4806 3091 2319
STRG.59.2 gene=STRG.59 4806 3091 3107
STRG.59.1 gene=STRG.59 4806 3092 2320
STRG.59.2 gene=STRG.59 4806 3092 3108
STRG.51.1 gene=STRG.51 4806 3095 196
STRG.20.1 gene=STRG.20 4806 3098 6460
STRG.20.2 gene=STRG.20 4806 3098 6460
STRG.42.1 gene=STRG.42 4806 3120 980
STRG.42.2 gene=STRG.42 4806 3120 2182
STRG.60.1 gene=STRG.60 4806 3165 701
STRG.44.1 gene=STRG.44 4806 3195 3208
STRG.44.2 gene=STRG.44 4806 3195 3208
STRG.33.1 gene=STRG.33 4806 3212 4519
STRG.33.2 gene=STRG.33 4806 3212 4333
STRG.54.1 gene=STRG.54 4806 3213 165
STRG.54.1 gene=STRG.54 4806 3214 166
STRG.20.2 gene=STRG.20 4806 3225 10009
STRG.20.2 gene=STRG.20 4806 3226 10010
STRG.20.2 gene=STRG.20 4806 3227 10011
STRG.20.2 gene=STRG.20 4806 3298 9950
STRG.20.2 gene=STRG.20 4806 3299 9951
STRG.18.2 gene=STRG.18 4806 3306 3026
STRG.18.1 gene=STRG.18 4806 3306 3026
STRG.18.2 gene=STRG.18 4806 3307 3027
STRG.18.1 gene=STRG.18 4806 3307 3027
STRG.9.1 gene=STRG.9 4806 3310 1029
STRG.9.2 gene=STRG.9 4806 3310 1029
STRG.9.3 gene=STRG.9 4806 3310 1249
STRG.23.3 gene=STRG.23 4806 3320 2287
STRG.23.1 gene=STRG.23 4806 3320 2060
STRG.23.2 gene=STRG.23 4806 3320 2060
STRG.23.3 gene=STRG.23 4806 3321 2288
STRG.23.1 gene=STRG.23 4806 3321 2061
STRG.23.2 gene=STRG.23 4806 3321 2061
STRG.23.3 gene=STRG.23 4806 3322 2289
STRG.23.1 gene=STRG.23 4806 3322 2062
STRG.23.2 gene=STRG.23 4806 3322 2062
STRG.36.1 gene=STRG.36 4806 3349 1221
STRG.13.1 gene=STRG.13 4806 3354 3434
STRG.13.1 gene=STRG.13 4806 3355 3435
STRG.53.2 gene=STRG.53 4806 3471 1358
STRG.36.1 gene=STRG.36 4806 3513 170
STRG.10.3 gene=STRG.10 4806 3536 1206
STRG.10.2 gene=STRG.10 4806 3536 1086
STRG.33.1 gene=STRG.33 4806 3561 3958
STRG.33.2 gene=STRG.33 4806 3561 3772
STRG.18.2 gene=STRG.18 4806 3563 4044
STRG.18.1 gene=STRG.18 4806 3563 4098
STRG.18.2 gene=STRG.18 4806 3564 4045
STRG.18.1 gene=STRG.18 4806 3564 4099
STRG.33.1 gene=STRG.33 4806 3577 1345
STRG.33.2 gene=STRG.33 4806 3577 1345
STRG.18.2 gene=STRG.18 4806 3587 8449
STRG.18.1 gene=STRG.18 4806 3587 8503
STRG.18.2 gene=STRG.18 4806 3588 8450
STRG.18.1 gene=STRG.18 4806 3588 8504
STRG.31.2 gene=STRG.31 4806 3623 3705
STRG.31.3 gene=STRG.31 4806 3623 2615
STRG.48.1 gene=STRG.48 4806 3639 2567
STRG.48.1 gene=STRG.48 4806 3640 2568
STRG.56.1 gene=STRG.56 4806 3679 684
STRG.56.2 gene=STRG.56 4806 3679 684
STRG.56.3 gene=STRG.56 4806 3679 1882
STRG.18.2 gene=STRG.18 4806 3685 1937
STRG.18.1 gene=STRG.18 4806 3685 1937
STRG.32.2 gene=STRG.32 4806 3694 301
STRG.32.1 gene=STRG.32 4806 3694 301
STRG.2.1 gene=STRG.2 4806 3708 2083
STRG.2.2 gene=STRG.2 4806 3708 2083
STRG.30.1 gene=STRG.30 4806 3753 197
STRG.14.1 gene=STRG.14 4806 3753 1822
STRG.50.1 gene=STRG.50 4806 3763 125
STRG.44.1 gene=STRG.44 4806 3787 1968
STRG.44.2 gene=STRG.44 4806 3787 1968
STRG.18.2 gene=STRG.18 4806 3788 4683
STRG.18.1 gene=STRG.18 4806 3788 4737
STRG.18.2 gene=STRG.18 4806 3789 4684
STRG.18.1 gene=STRG.18 4806 3789 4738
STRG.60.1 gene=STRG.60 4806 3789 17
STRG.60.1 gene=STRG.60 4806 3790 18
STRG.60.1 gene=STRG.60 4806 3791 19
STRG.26.1 gene=STRG.26 4806 3825 825
STRG.26.2 gene=STRG.26 4806 3825 1847
STRG.18.2 gene=STRG.18 4806 3869 13515
STRG.18.1 gene=STRG.18 4806 3869 13569
STRG.18.2 gene=STRG.18 4806 3870 13516
STRG.18.1 gene=STRG.18 4806 3870 13570
STRG.23.3 gene=STRG.23 4806 3913 1562
STRG.23.1 gene=STRG.23 4806 3913 1335
STRG.23.2 gene=STRG.23 4806 3913 1335
STRG.1.1 gene=STRG.1 4806 3926 373
STRG.44.1 gene=STRG.44 4806 3936 2740
STRG.44.2 gene=STRG.44 4806 3936 2740
STRG.1.1 gene=STRG.1 4806 3940 1100
STRG.20.3 gene=STRG.20 4806 3945 6524
STRG.20.1 gene=STRG.20 4806 3945 16242
STRG.20.2 gene=STRG.20 4806 3945 16827
STRG.36.1 gene=STRG.36 4806 3957 236
STRG.36.1 gene=STRG.36 4806 3958 237
STRG.5.1 gene=STRG.5 4806 3978 2001
STRG.18.2 gene=STRG.18 4806 3982 755
STRG.18.1 gene=STRG.18 4806 3982 755
STRG.18.2 gene=STRG.18 4806 3983 756
STRG.18.1 gene=STRG.18 4806 3983 756
STRG.18.2 gene=STRG.18 4806 3985 3968
STRG.18.1 gene=STRG.18 4806 3985 4022
STRG.34.1 gene=STRG.34 4806 4036 862
STRG.21.2 gene=STRG.21 4806 4043 359
STRG.21.1 gene=STRG.21 4806 4043 359
STRG.18.2 gene=STRG.18 4806 4062 5051
STRG.18.1 gene=STRG.18 4806 4062 5105
STRG.18.2 gene=STRG.18 4806 4091 16654
STRG.18.1 gene=STRG.18 4806 4091 16708
STRG.46.1 gene=STRG.46 4806 4128 1000
STRG.20.3 gene=STRG.20 4806 4135 1630
STRG.20.1 gene=STRG.20 4806 4135 11348
STRG.20.2 gene=STRG.20 4806 4135 11933
STRG.44.1 gene=STRG.44 4806 4143 794
STRG.44.2 gene=STRG.44 4806 4143 794
STRG.9.2 gene=STRG.9 4806 4173 2149
STRG.9.3 gene=STRG.9 4806 4173 2369
STRG.9.2 gene=STRG.9 4806 4174 2150
STRG.9.3 gene=STRG.9 4806 4174 2370
STRG.20.1 gene=STRG.20 4806 4202 7291
STRG.20.2 gene=STRG.20 4806 4202 7291
STRG.5.1 gene=STRG.5 4806 4205 2249
STRG.1.1 gene=STRG.1 4806 4213 3221
STRG.37.1 gene=STRG.37 4806 4221 556
STRG.48.1 gene=STRG.48 4806 4240 1728
STRG.48.2 gene=STRG.48 4806 4240 1728
STRG.48.1 gene=STRG.48 4806 4241 1729
STRG.48.2 gene=STRG.48 4806 4241 1729
STRG.26.2 gene=STRG.26 4806 4244 944
STRG.23.3 gene=STRG.23 4806 4271 2109
STRG.23.1 gene=STRG.23 4806 4271 1882
STRG.23.2 gene=STRG.23 4806 4271 1882
STRG.16.1 gene=STRG.16 4806 4275 211
STRG.16.2 gene=STRG.16 4806 4275 211
STRG.52.1 gene=STRG.52 4806 4289 277
STRG.20.3 gene=STRG.20 4806 4317 5432
STRG.20.1 gene=STRG.20 4806 4317 15150
STRG.20.2 gene=STRG.20 4806 4317 15735
STRG.48.1 gene=STRG.48 4806 4317 179
STRG.48.2 gene=STRG.48 4806 4317 179
STRG.20.3 gene=STRG.20 4806 4318 5433
STRG.20.1 gene=STRG.20 4806 4318 15151
STRG.20.2 gene=STRG.20 4806 4318 15736
STRG.4.1 gene=STRG.4 4806 4319 2311
STRG.20.3 gene=STRG.20 4806 4332 4025
STRG.20.1 gene=STRG.20 4806 4332 13743
STRG.20.2 gene=STRG.20 4806 4332 14328
STRG.36.1 gene=STRG.36 4806 4333 2259
STRG.36.1 gene=STRG.36 4806 4334 2260
STRG.36.1 gene=STRG.36 4806 4335 2261
STRG.36.1 gene=STRG.36 4806 4336 2262
STRG.31.1 gene=STRG.31 4806 4342 976
STRG.31.2 gene=STRG.31 4806 4342 976
STRG.31.1 gene=STRG.31 4806 4343 977
STRG.31.2 gene=STRG.31 4806 4343 977
STRG.31.1 gene=STRG.31 4806 4344 978
STRG.31.2 gene=STRG.31 4806 4344 978
STRG.44.1 gene=STRG.44 4806 4370 879
STRG.44.2 gene=STRG.44 4806 4370 879
STRG.57.1 gene=STRG.57 4806 4386 1068
STRG.57.2 gene=STRG.57 4806 4386 1068
STRG.27.1 gene=STRG.27 4806 4390 1628
STRG.23.3 gene=STRG.23 4806 4427 1071
STRG.23.1 gene=STRG.23 4806 4427 844
STRG.23.2 gene=STRG.23 4806 4427 844
STRG.23.3 gene=STRG.23 4806 4428 1072
STRG.23.1 gene=STRG.23 4806 4428 845
STRG.23.2 gene=STRG.23 4806 4428 845
STRG.52.1 gene=STRG.52 4806 4433 2183
STRG.52.1 gene=STRG.52 4806 4434 2184
STRG.56.1 gene=STRG.56 4806 4434 329
STRG.56.2 gene=STRG.56 4806 4434 329
STRG.56.3 gene=STRG.56 4806 4434 1527
STRG.54.1 gene=STRG.54 4806 4440 971
STRG.44.1 gene=STRG.44 4806 4441 2405
STRG.44.2 gene=STRG.44 4806 4441 2405
STRG.49.2 gene=STRG.49 4806 4455 132
STRG.49.1 gene=STRG.49 4806 4455 52
STRG.27.1 gene=STRG.27 4806 4458 1724
STRG.31.1 gene=STRG.31 4806 4480 11
STRG.31.2 gene=STRG.31 4806 4480 11
STRG.31.1 gene=STRG.31 4806 4481 12
STRG.31.2 gene=STRG.31 4806 4481 12
STRG.5.1 gene=STRG.5 4806 4482 2857
STRG.59.2 gene=STRG.59 4806 4559 417
STRG.59.2 gene=STRG.59 4806 4560 418
STRG.28.1 gene=STRG.28 4806 4561 921
STRG.28.1 gene=STRG.28 4806 4562 922
STRG.59.1 gene=STRG.59 4806 4562 2835
STRG.59.2 gene=STRG.59 4806 4562 3623
STRG.27.1 gene=STRG.27 4806 4586 3042
STRG.13.1 gene=STRG.13 4806 4592 1891
STRG.24.1 gene=STRG.24 4806 4595 676
STRG.40.1 gene=STRG.40 4806 4595 434
STRG.20.1 gene=STRG.20 4806 4596 9082
STRG.20.2 gene=STRG.20 4806 4596 9082
STRG.24.1 gene=STRG.24 4806 4596 677
STRG.41.2 gene=STRG.41 4806 4596 831
STRG.41.3 gene=STRG.41 4806 4596 770
STRG.41.1 gene=STRG.41 4806 4596 559
STRG.60.1 gene=STRG.60 4806 4596 482
STRG.45.1 gene=STRG.45 4806 4602 303
STRG.44.1 gene=STRG.44 4806 4643 3523
STRG.44.2 gene=STRG.44 4806 4643 3523
STRG.44.1 gene=STRG.44 4806 4644 3524
STRG.44.2 gene=STRG.44 4806 4644 3524
STRG.59.2 gene=STRG.59 4806 4669 159
STRG.23.3 gene=STRG.23 4806 4673 620
STRG.23.1 gene=STRG.23 4806 4673 393
STRG.23.2 gene=STRG.23 4806 4673 393
STRG.18.2 gene=STRG.18 4806 4677 11619
STRG.18.1 gene=STRG.18 4806 4677 11673
STRG.18.2 gene=STRG.18 4806 4719 2373
STRG.18.1 gene=STRG.18 4806 4719 2373
STRG.48.1 gene=STRG.48 4806 4724 55
STRG.48.2 gene=STRG.48 4806 4724 55
STRG.18.2 gene=STRG.18 4806 4750 2110
STRG.18.1 gene=STRG.18 4806 4750 2110
STRG.31.1 gene=STRG.31 4806 4757 1562
STRG.31.2 gene=STRG.31 4806 4757 1562
STRG.31.3 gene=STRG.31 4806 4757 472
STRG.31.1 gene=STRG.31 4806 4758 1563
STRG.31.2 gene=STRG.31 4806 4758 1563
STRG.31.3 gene=STRG.31 4806 4758 473
STRG.13.1 gene=STRG.13 4806 4758 104
STRG.14.1 gene=STRG.14 4806 4758 2326
STRG.20.1 gene=STRG.20 4806 4777 4510
STRG.20.2 gene=STRG.20 4806 4777 4510
STRG.36.1 gene=STRG.36 4806 4780 855
STRG.1.1 gene=STRG.1 4806 4821 821
STRG.60.1 gene=STRG.60 4806 4825 942
STRG.60.1 gene=STRG.60 4806 4826 943
STRG.20.3 gene=STRG.20 4806 4836 742
STRG.20.1 gene=STRG.20 4806 4836 10460
STRG.20.2 gene=STRG.20 4806 4836 11045
STRG.5.1 gene=STRG.5 4806 4855 6374
STRG.5.1 gene=STRG.5 4806 4856 6375
STRG.59.2 gene=STRG.59 4806 4891 106
STRG.59.2 gene=STRG.59 4806 4892 107
STRG.2.1 gene=STRG.2 4806 4902 3244
STRG.2.2 gene=STRG.2 4806 4902 3244
STRG.2.1 gene=STRG.2 4806 4903 3245
STRG.2.2 gene=STRG.2 4806 4903 3245
STRG.2.1 gene=STRG.2 4806 4904 3246
STRG.2.2 gene=STRG.2 4806 4904 3246
STRG.23.3 gene=STRG.23 4806 4910 775
STRG.23.1 gene=STRG.23 4806 4910 548
STRG.23.2 gene=STRG.23 4806 4910 548
STRG.12.1 gene=STRG.12 4806 4912 375
STRG.12.1 gene=STRG.12 4806 4913 376
STRG.1.1 gene=STRG.1 4806 4941 4133
STRG.1.1 gene=STRG.1 4806 4942 4134
STRG.30.1 gene=STRG.30 4806 4972 190
STRG.30.1 gene=STRG.30 4806 4973 191
STRG.30.1 gene=STRG.30 4806 4974 192
STRG.46.1 gene=STRG.46 4806 5001 204
STRG.48.1 gene=STRG.48 4806 5030 588
STRG.48.2 gene=STRG.48 4806 5030 588
STRG.48.1 gene=STRG.48 4806 5031 589
STRG.48.2 gene=STRG.48 4806 5031 589
STRG.50.1 gene=STRG.50 4806 5050 31
STRG.51.1 gene=STRG.51 4806 5058 703
STRG.52.1 gene=STRG.52 4806 5087 2047
STRG.45.1 gene=STRG.45 4806 5089 236
STRG.23.3 gene=STRG.23 4806 5129 2105
STRG.23.1 gene=STRG.23 4806 5129 1878
STRG.23.2 gene=STRG.23 4806 5129 1878
STRG.48.1 gene=STRG.48 4806 5132 1533
STRG.48.2 gene=STRG.48 4806 5132 1533
STRG.15.1 gene=STRG.15 4806 5209 196
STRG.37.1 gene=STRG.37 4806 5260 428
STRG.37.1 gene=STRG.37 4806 5261 429
STRG.28.1 gene=STRG.28 4806 5333 75
STRG.14.1 gene=STRG.14 4806 5353 1684
STRG.20.1 gene=STRG.20 4806 5359 4243
STRG.20.2 gene=STRG.20 4806 5359 4243
STRG.57.1 gene=STRG.57 4806 5363 2269
STRG.57.2 gene=STRG.57 4806 5363 2269
STRG.2.1 gene=STRG.2 4806 5395 1618
STRG.2.2 gene=STRG.2 4806 5395 1618
STRG.31.1 gene=STRG.31 4806 5399 732
STRG.31.2 gene=STRG.31 4806 5399 732
STRG.15.1 gene=STRG.15 4806 5412 57
STRG.44.1 gene=STRG.44 4806 5448 3138
STRG.44.2 gene=STRG.44 4806 5448 3138
STRG.44.1 gene=STRG.44 4806 5449 3139
STRG.44.2 gene=STRG.44 4806 5449 3139
STRG.27.1 gene=STRG.27 4806 5472 1308
STRG.20.3 gene=STRG.20 4806 5486 7901
STRG.20.1 gene=STRG.20 4806 5486 17619
STRG.20.2 gene=STRG.20 4806 5486 18204
STRG.20.3 gene=STRG.20 4806 5487 7902
STRG.20.1 gene=STRG.20 4806 5487 17620
STRG.20.2 gene=STRG.20 4806 5487 18205
STRG.20.3 gene=STRG.20 4806 5488 7903
STRG.20.1 gene=STRG.20 4806 5488 17621
STRG.20.2 gene=STRG.20 4806 5488 18206
STRG.18.2 gene=STRG.18 4806 5489 14590
STRG.18.1 gene=STRG.18 4806 5489 14644
STRG.46.1 gene=STRG.46 4806 5500 807
STRG.46.1 gene=STRG.46 4806 5501 808
STRG.46.1 gene=STRG.46 4806 5502 809
STRG.42.2 gene=STRG.42 4806 5525 572
STRG.12.1 gene=STRG.12 4806 5528 1634
STRG.31.2 gene=STRG.31 4806 5528 4465
STRG.31.3 gene=STRG.31 4806 5528 3375
STRG.20.3 gene=STRG.20 4806 5529 166
STRG.31.2 gene=STRG.31 4806 5529 4466
STRG.31.2 gene=STRG.31 4806 5529 4469
STRG.31.3 gene=STRG.31 4806 5529 3376
STRG.31.3 gene=STRG.31 4806 5529 3379
STRG.18.2 gene=STRG.18 4806 5530 14670
STRG.18.1 gene=STRG.18 4806 5530 14724
STRG.2.1 gene=STRG.2 4806 5531 2411
STRG.2.2 gene=STRG.2 4806 5531 2411
STRG.20.1 gene=STRG.20 4806 5531 159
STRG.20.2 gene=STRG.20 4806 5531 159
STRG.57.1 gene=STRG.57 4806 5557 337
STRG.57.2 gene=STRG.57 4806 5557 337
STRG.59.2 gene=STRG.59 4806 5578 400
STRG.20.3 gene=STRG.20 4806 5597 1721
STRG.20.1 gene=STRG.20 4806 5597 11439
STRG.20.2 gene=STRG.20 4806 5597 12024
STRG.4.1 gene=STRG.4 4806 5605 1454
STRG.4.1 gene=STRG.4 4806 5606 1455
STRG.4.1 gene=STRG.4 4806 5607 1456
STRG.21.2 gene=STRG.21 4806 5608 993
STRG.23.2 gene=STRG.23 4806 5631 2915
STRG.23.2 gene=STRG.23 4806 5632 2916
STRG.37.1 gene=STRG.37 4806 5635 789
STRG.46.1 gene=STRG.46 4806 5685 760
STRG.46.1 gene=STRG.46 4806 5686 761
STRG.53.2 gene=STRG.53 4806 5732 2019
STRG.18.2 gene=STRG.18 4806 5754 16573
STRG.18.1 gene=STRG.18 4806 5754 16627
STRG.18.2 gene=STRG.18 4806 5755 16574
STRG.18.1 gene=STRG.18 4806 5755 16628
STRG.3.2 gene=STRG.3 4806 5779 1365
STRG.3.1 gene=STRG.3 4806 5779 982
STRG.3.3 gene=STRG.3 4806 5779 1218
STRG.1.1 gene=STRG.1 4806 5844 126
STRG.55.1 gene=STRG.55 4806 5863 1305
STRG.27.1 gene=STRG.27 4806 5882 14
STRG.13.2 gene=STRG.13 4806 5887 1152
STRG.13.2 gene=STRG.13 4806 5888 1153
STRG.48.1 gene=STRG.48 4806 5888 1091
STRG.48.2 gene=STRG.48 4806 5888 1091
STRG.5.1 gene=STRG.5 4806 5906 2537
STRG.12.1 gene=STRG.12 4806 5952 1086
STRG.34.1 gene=STRG.34 4806 5953 637
STRG.44.1 gene=STRG.44 4806 5961 2888
STRG.44.2 gene=STRG.44 4806 5961 2888
STRG.11.1 gene=STRG.11 4806 5972 702
STRG.33.2 gene=STRG.33 4806 5980 3732
STRG.31.1 gene=STRG.31 4806 6018 191
STRG.31.2 gene=STRG.31 4806 6018 191
STRG.5.1 gene=STRG.5 4806 6027 5132
STRG.44.1 gene=STRG.44 4806 6077 1456
STRG.44.2 gene=STRG.44 4806 6077 1456
STRG.60.1 gene=STRG.60 4806 6077 388
STRG.51.1 gene=STRG.51 4806 6092 1312
STRG.51.1 gene=STRG.51 4806 6093 1313
STRG.51.1 gene=STRG.51 4806 6094 1314
STRG.18.2 gene=STRG.18 4806 6129 5972
STRG.18.1 gene=STRG.18 4806 6129 6026
STRG.37.1 gene=STRG.37 4806 6178 597
STRG.37.1 gene=STRG.37 4806 6179 598
STRG.37.1 gene=STRG.37 4806 6180 599
STRG.37.1 gene=STRG.37 4806 6181 600
STRG.11.1 gene=STRG.11 4806 6182 248
STRG.37.1 gene=STRG.37 4806 6182 601
STRG.11.1 gene=STRG.11 4806 6183 249
STRG.33.1 gene=STRG.33 4806 6184 3098
STRG.33.2 gene=STRG.33 4806 6184 2915
STRG.33.1 gene=STRG.33 4806 6185 3099
STRG.33.2 gene=STRG.33 4806 6185 2916
STRG.31.1 gene=STRG.31 4806 6205 732
STRG.31.2 gene=STRG.31 4806 6205 732
STRG.60.1 gene=STRG.60 4806 6228 369
STRG.60.1 gene=STRG.60 4806 6229 370
STRG.31.2 gene=STRG.31 4806 6242 3391
STRG.31.3 gene=STRG.31 4806 6242 2301
STRG.57.1 gene=STRG.57 4806 6258 2409
STRG.57.2 gene=STRG.57 4806 6258 2409
STRG.55.1 gene=STRG.55 4806 6260 46
STRG.53.1 gene=STRG.53 4806 6281 500
STRG.53.2 gene=STRG.53 4806 6281 500
STRG.4.1 gene=STRG.4 4806 6298 1336
STRG.14.1 gene=STRG.14 4806 6317 2999
STRG.26.1 gene=STRG.26 4806 6351 788
STRG.26.2 gene=STRG.26 4806 6351 1810
STRG.30.1 gene=STRG.30 4806 6414 281
STRG.30.1 gene=STRG.30 4806 6415 282
STRG.14.1 gene=STRG.14 4806 6452 620
STRG.56.1 gene=STRG.56 4806 6456 1146
STRG.56.2 gene=STRG.56 4806 6456 1146
STRG.56.3 gene=STRG.56 4806 6456 2344
STRG.42.1 gene=STRG.42 4806 6457 1584
STRG.42.2 gene=STRG.42 4806 6457 2786
STRG.60.1 gene=STRG.60 4806 6518 1049
STRG.31.3 gene=STRG.31 4806 6586 107
STRG.1.1 gene=STRG.1 4806 6610 2141
STRG.1.1 gene=STRG.1 4806 6611 2142
STRG.26.2 gene=STRG.26 4806 6663 21
STRG.40.1 gene=STRG.40 4806 6715 392
STRG.40.1 gene=STRG.40 4806 6716 393
STRG.7.1 gene=STRG.7 4806 6717 399
STRG.7.3 gene=STRG.7 4806 6717 274
STRG.7.4 gene=STRG.7 4806 6717 274
STRG.7.2 gene=STRG.7 4806 6717 247
STRG.7.5 gene=STRG.7 4806 6717 203
STRG.7.6 gene=STRG.7 4806 6717 323
STRG.7.1 gene=STRG.7 4806 6718 400
STRG.7.3 gene=STRG.7 4806 6718 275
STRG.7.4 gene=STRG.7 4806 6718 275
STRG.7.2 gene=STRG.7 4806 6718 248
STRG.7.5 gene=STRG.7 4806 6718 204
STRG.7.6 gene=STRG.7 4806 6718 324
STRG.32.2 gene=STRG.32 4806 6721 1038
STRG.32.1 gene=STRG.32 4806 6721 1038
STRG.1.1 gene=STRG.1 4806 6740 3810
STRG.32.2 gene=STRG.32 4806 6745 1038
STRG.32.1 gene=STRG.32 4806 6745 1038
STRG.59.1 gene=STRG.59 4806 6778 2981
STRG.59.2 gene=STRG.59 4806 6778 3769
STRG.18.2 gene=STRG.18 4806 6802 11225
STRG.18.1 gene=STRG.18 4806 6802 11279
STRG.18.2 gene=STRG.18 4806 6803 11226
STRG.18.1 gene=STRG.18 4806 6803 11280
STRG.31.1 gene=STRG.31 4806 6822 993
STRG.31.2 gene=STRG.31 4806 6822 993
STRG.10.6 gene=STRG.10 4806 6832 384
STRG.10.4 gene=STRG.10 4806 6832 138
STRG.8.1 gene=STRG.8 4806 6856 627
STRG.8.1 gene=STRG.8 4806 6857 628
STRG.27.1 gene=STRG.27 4806 6865 3241
STRG.27.1 gene=STRG.27 4806 6866 3242
STRG.20.3 gene=STRG.20 4806 6867 6755
STRG.20.1 gene=STRG.20 4806 6867 16473
STRG.20.2 gene=STRG.20 4806 6867 17058
STRG.27.1 gene=STRG.27 4806 6867 3243
STRG.20.3 gene=STRG.20 4806 6868 6756
STRG.20.1 gene=STRG.20 4806 6868 16474
STRG.20.2 gene=STRG.20 4806 6868 17059
STRG.27.1 gene=STRG.27 4806 6868 3244
STRG.27.1 gene=STRG.27 4806 6869 3245
STRG.2.1 gene=STRG.2 4806 6885 1364
STRG.2.2 gene=STRG.2 4806 6885 1364
STRG.8.1 gene=STRG.8 4806 6894 581
STRG.20.3 gene=STRG.20 4806 6924 4528
STRG.20.1 gene=STRG.20 4806 6924 14246
STRG.20.2 gene=STRG.20 4806 6924 14831
STRG.48.1 gene=STRG.48 4806 6957 252
STRG.48.2 gene=STRG.48 4806 6957 252
STRG.23.3 gene=STRG.23 4806 6983 319
STRG.23.1 gene=STRG.23 4806 6983 92
STRG.23.2 gene=STRG.23 4806 6983 92
STRG.59.3 gene=STRG.59 4806 7027 563
STRG.59.1 gene=STRG.59 4806 7027 563
STRG.59.2 gene=STRG.59 4806 7027 1351
STRG.42.1 gene=STRG.42 4806 7037 1395
STRG.42.2 gene=STRG.42 4806 7037 2597
STRG.6.1 gene=STRG.6 4806 7063 991
STRG.13.1 gene=STRG.13 4806 7076 2766
STRG.13.1 gene=STRG.13 4806 7077 2767
STRG.1.1 gene=STRG.1 4806 7078 3721
STRG.20.1 gene=STRG.20 4806 7121 3977
STRG.20.2 gene=STRG.20 4806 7121 3977
STRG.15.1 gene=STRG.15 4806 7170 1125
STRG.14.1 gene=STRG.14 4806 7203 655
STRG.22.1 gene=STRG.22 4806 7204 884
STRG.48.1 gene=STRG.48 4806 7220 629
STRG.48.2 gene=STRG.48 4806 7220 629
STRG.4.1 gene=STRG.4 4806 7242 383
STRG.44.1 gene=STRG.44 4806 7266 2717
STRG.44.2 gene=STRG.44 4806 7266 2717
STRG.27.1 gene=STRG.27 4806 7314 2927
STRG.8.1 gene=STRG.8 4806 7336 365
STRG.33.1 gene=STRG.33 4806 7361 712
STRG.33.2 gene=STRG.33 4806 7361 712
STRG.43.3 gene=STRG.43 4806 7364 1150
STRG.42.1 gene=STRG.42 4806 7390 634
STRG.42.2 gene=STRG.42 4806 7390 1836
STRG.42.1 gene=STRG.42 4806 7391 635
STRG.42.2 gene=STRG.42 4806 7391 1837
STRG.42.1 gene=STRG.42 4806 7392 636
STRG.42.2 gene=STRG.42 4806 7392 1838
STRG.54.1 gene=STRG.54 4806 7428 553
STRG.44.1 gene=STRG.44 4806 7438 1753
STRG.44.2 gene=STRG.44 4806 7438 1753
STRG.50.1 gene=STRG.50 4806 7453 365
STRG.20.1 gene=STRG.20 4806 7459 3325
STRG.20.2 gene=STRG.20 4806 7459 3325
STRG.23.2 gene=STRG.23 4806 7497 2962
STRG.23.2 gene=STRG.23 4806 7498 2963
STRG.52.1 gene=STRG.52 4806 7507 1499
STRG.52.1 gene=STRG.52 4806 7508 1500
STRG.20.1 gene=STRG.20 4806 7525 9584
STRG.20.2 gene=STRG.20 4806 7525 9584
STRG.43.3 gene=STRG.43 4806 7562 996
STRG.43.1 gene=STRG.43 4806 7562 967
STRG.43.2 gene=STRG.43 4806 7562 963
STRG.18.2 gene=STRG.18 4806 7564 11738
STRG.18.1 gene=STRG.18 4806 7564 11792
STRG.42.1 gene=STRG.42 4806 7568 1451
STRG.42.2 gene=STRG.42 4806 7568 2653
STRG.36.1 gene=STRG.36 4806 7569 2274
STRG.48.1 gene=STRG.48 4806 7570 1706
STRG.48.2 gene=STRG.48 4806 7570 1706
STRG.48.1 gene=STRG.48 4806 7571 1707
STRG.48.2 gene=STRG.48 4806 7571 1707
STRG.5.1 gene=STRG.5 4806 7598 2610
STRG.20.1 gene=STRG.20 4806 7624 5936
STRG.20.2 gene=STRG.20 4806 7624 5936
STRG.46.1 gene=STRG.46 4806 7626 911
STRG.48.1 gene=STRG.48 4806 7629 1337
STRG.48.2 gene=STRG.48 4806 7629 1337
STRG.11.1 gene=STRG.11 4806 7669 750
STRG.20.1 gene=STRG.20 4806 7669 1844
STRG.20.2 gene=STRG.20 4806 7669 1844
STRG.38.1 gene=STRG.38 4806 7699 844
STRG.31.1 gene=STRG.31 4806 7714 2913
STRG.31.2 gene=STRG.31 4806 7714 2913
STRG.31.3 gene=STRG.31 4806 7714 1823
STRG.20.3 gene=STRG.20 4806 7771 4552
STRG.20.1 gene=STRG.20 4806 7771 14270
STRG.20.2 gene=STRG.20 4806 7771 14855
STRG.51.1 gene=STRG.51 4806 7773 275
STRG.51.1 gene=STRG.51 4806 7774 276
STRG.31.1 gene=STRG.31 4806 7791 2633
STRG.31.2 gene=STRG.31 4806 7791 2633
STRG.31.3 gene=STRG.31 4806 7791 1543
STRG.31.1 gene=STRG.31 4806 7792 2634
STRG.31.2 gene=STRG.31 4806 7792 2634
STRG.31.3 gene=STRG.31 4806 7792 1544
STRG.20.3 gene=STRG.20 4806 7793 3124
STRG.20.1 gene=STRG.20 4806 7793 12842
STRG.20.2 gene=STRG.20 4806 7793 13427
STRG.31.1 gene=STRG.31 4806 7793 2635
STRG.31.2 gene=STRG.31 4806 7793 2635
STRG.31.3 gene=STRG.31 4806 7793 1545
STRG.18.2 gene=STRG.18 4806 7794 14092
STRG.18.1 gene=STRG.18 4806 7794 14146
STRG.20.3 gene=STRG.20 4806 7794 3125
STRG.20.1 gene=STRG.20 4806 7794 12843
STRG.20.2 gene=STRG.20 4806 7794 13428
STRG.20.3 gene=STRG.20 4806 7795 3126
STRG.20.1 gene=STRG.20 4806 7795 12844
STRG.20.2 gene=STRG.20 4806 7795 13429
STRG.51.1 gene=STRG.51 4806 7795 524
STRG.20.3 gene=STRG.20 4806 7796 3127
STRG.20.1 gene=STRG.20 4806 7796 12845
STRG.20.2 gene=STRG.20 4806 7796 13430
STRG.20.3 gene=STRG.20 4806 7797 3128
STRG.20.1 gene=STRG.20 4806 7797 12846
STRG.20.2 gene=STRG.20 4806 7797 13431
STRG.22.1 gene=STRG.22 4806 7803 1235
STRG.56.3 gene=STRG.56 4806 7815 1348
STRG.56.3 gene=STRG.56 4806 7816 1349
STRG.9.1 gene=STRG.9 4806 7838 1170
STRG.9.2 gene=STRG.9 4806 7838 1170
STRG.9.3 gene=STRG.9 4806 7838 1390
STRG.50.1 gene=STRG.50 4806 7855 245
STRG.50.1 gene=STRG.50 4806 7856 246
STRG.50.1 gene=STRG.50 4806 7857 247
STRG.2.1 gene=STRG.2 4806 7865 2056
STRG.2.2 gene=STRG.2 4806 7865 2056
STRG.20.1 gene=STRG.20 4806 7882 4631
STRG.20.2 gene=STRG.20 4806 7882 4631
STRG.13.2 gene=STRG.13 4806 7885 502
STRG.13.2 gene=STRG.13 4806 7886 503
STRG.13.2 gene=STRG.13 4806 7887 504
STRG.13.2 gene=STRG.13 4806 7888 505
STRG.13.2 gene=STRG.13 4806 7892 504
STRG.13.2 gene=STRG.13 4806 7893 505
STRG.13.2 gene=STRG.13 4806 7894 506
STRG.13.2 gene=STRG.13 4806 7895 507
STRG.57.1 gene=STRG.57 4806 7943 1967
STRG.57.2 gene=STRG.57 4806 7943 1967
STRG.9.1 gene=STRG.9 4806 8008 274
STRG.9.2 gene=STRG.9 4806 8008 274
STRG.9.3 gene=STRG.9 4806 8008 494
STRG.9.1 gene=STRG.9 4806 8009 275
STRG.9.2 gene=STRG.9 4806 8009 275
STRG.9.3 gene=STRG.9 4806 8009 495
STRG.15.1 gene=STRG.15 4806 8023 714
STRG.6.1 gene=STRG.6 4806 8034 1506
STRG.6.1 gene=STRG.6 4806 8035 1507
STRG.2.2 gene=STRG.2 4806 8036 3908
STRG.6.1 gene=STRG.6 4806 8036 1508
STRG.2.2 gene=STRG.2 4806 8037 3909
STRG.6.1 gene=STRG.6 4806 8037 1509
STRG.6.1 gene=STRG.6 4806 8043 957
STRG.6.1 gene=STRG.6 4806 8044 958
STRG.27.1 gene=STRG.27 4806 8057 1860
STRG.23.2 gene=STRG.23 4806 8107 2972
STRG.6.1 gene=STRG.6 4806 8189 1085
STRG.33.1 gene=STRG.33 4806 8189 25
STRG.33.2 gene=STRG.33 4806 8189 25
STRG.6.1 gene=STRG.6 4806 8190 1086
STRG.33.1 gene=STRG.33 4806 8190 26
STRG.33.2 gene=STRG.33 4806 8190 26
STRG.33.1 gene=STRG.33 4806 8191 27
STRG.33.2 gene=STRG.33 4806 8191 27
STRG.57.1 gene=STRG.57 4806 8238 2478
STRG.57.2 gene=STRG.57 4806 8238 2478
STRG.15.1 gene=STRG.15 4806 8256 1118
STRG.53.1 gene=STRG.53 4806 8287 41
STRG.53.2 gene=STRG.53 4806 8287 41
STRG.4.1 gene=STRG.4 4806 8313 2627
STRG.4.1 gene=STRG.4 4806 8314 2628
STRG.4.1 gene=STRG.4 4806 8315 2629
STRG.4.1 gene=STRG.4 4806 8316 2630
STRG.18.2 gene=STRG.18 4806 8318 460
STRG.18.1 gene=STRG.18 4806 8318 460
STRG.30.1 gene=STRG.30 4806 8333 919
STRG.38.1 gene=STRG.38 4806 8386 174
STRG.38.1 gene=STRG.38 4806 8387 175
STRG.5.1 gene=STRG.5 4806 8389 4619
STRG.18.2 gene=STRG.18 4806 8399 1236
STRG.18.1 gene=STRG.18 4806 8399 1236
STRG.14.1 gene=STRG.14 4806 8410 634
STRG.1.1 gene=STRG.1 4806 8426 1388
STRG.54.1 gene=STRG.54 4806 8545 892
STRG.22.1 gene=STRG.22 4806 8563 603
STRG.59.3 gene=STRG.59 4806 8571 2609
STRG.59.1 gene=STRG.59 4806 8592 3693
STRG.59.2 gene=STRG.59 4806 8592 4481
STRG.59.1 gene=STRG.59 4806 8593 3694
STRG.59.2 gene=STRG.59 4806 8593 4482
STRG.20.1 gene=STRG.20 4806 8605 664
STRG.20.2 gene=STRG.20 4806 8605 664
STRG.20.1 gene=STRG.20 4806 8606 665
STRG.20.2 gene=STRG.20 4806 8606 665
STRG.20.3 gene=STRG.20 4806 8668 7991
STRG.20.1 gene=STRG.20 4806 8668 17709
STRG.20.2 gene=STRG.20 4806 8668 18294
STRG.5.1 gene=STRG.5 4806 8671 1140
STRG.33.1 gene=STRG.33 4806 8671 5379
STRG.33.2 gene=STRG.33 4806 8671 5193
STRG.5.1 gene=STRG.5 4806 8672 1141
