                            OLS Regression Results                            
==============================================================================
Dep. Variable:              log_FPKMs   R-squared:                       0.171
Model:                            OLS   Adj. R-squared:                  0.171
Method:                 Least Squares   F-statistic:                     721.0
Date:                Sat, 01 Sep 2018   Prob (F-statistic):               0.00
Time:                        03:22:02   Log-Likelihood:                -29943.
No. Observations:               17462   AIC:                         5.990e+04
Df Residuals:                   17456   BIC:                         5.994e+04
Df Model:                           5                                         
Covariance Type:            nonrobust                                         
==============================================================================
                 coef    std err          t      P>|t|      [0.025      0.975]
------------------------------------------------------------------------------
Intercept      0.5523      0.011     49.791      0.000       0.531       0.574
H3K27ac       -0.0063      0.003     -2.332      0.020      -0.012      -0.001
H3K27me3      -0.0415      0.002    -27.393      0.000      -0.045      -0.039
H3K4me1        0.0332      0.001     31.337      0.000       0.031       0.035
H3K4me3        0.0528      0.002     25.413      0.000       0.049       0.057
H3K9ac        -0.0003      0.000     -0.674      0.500      -0.001       0.000
==============================================================================
Omnibus:                     3878.534   Durbin-Watson:                   1.696
Prob(Omnibus):                  0.000   Jarque-Bera (JB):             7523.468
Skew:                           1.360   Prob(JB):                         0.00
Kurtosis:                       4.714   Cond. No.                         29.1
==============================================================================

Warnings:
[1] Standard Errors assume that the covariance matrix of the errors is correctly specified.
FBtr0070025   -0.819477
FBtr0070026    1.837842
FBtr0070027    1.942165
FBtr0070028    2.772234
FBtr0070029   -0.501969
FBtr0070032   -0.035458
FBtr0070034   -0.528614
FBtr0070035   -0.201676
FBtr0070036   -0.468926
FBtr0070038    3.558369
FBtr0070046    2.195033
FBtr0070050   -0.552334
FBtr0070051   -0.552334
FBtr0070052   -0.552334
FBtr0070053   -0.552334
FBtr0070054   -0.552334
FBtr0070055   -0.552334
FBtr0070056   -1.050832
FBtr0070057   -1.050832
FBtr0070058    3.986307
FBtr0070059   -1.055804
FBtr0070060   -1.202982
FBtr0070061   -1.202982
FBtr0070062    0.579861
FBtr0070089    2.128284
FBtr0070090    1.774208
FBtr0070091   -0.758887
FBtr0070092    1.368938
FBtr0070093   -0.993019
FBtr0070094    1.804649
                 ...   
FBtr0347285   -0.528174
FBtr0347294   -0.831376
FBtr0347296   -2.830118
FBtr0347297   -0.397959
FBtr0347300   -0.393690
FBtr0347304   -0.915456
FBtr0347305   -1.564480
FBtr0347307   -0.776799
FBtr0347313   -0.544542
FBtr0347314   -0.422182
FBtr0347315   -0.337150
FBtr0347316   -0.220515
FBtr0347317   -0.883106
FBtr0347319    0.319898
FBtr0347320    0.015074
FBtr0347323   -0.729940
FBtr0347324   -0.757731
FBtr0347326   -1.699643
FBtr0347330   -1.233547
FBtr0347333   -0.487916
FBtr0347336   -0.320565
FBtr0347338   -2.019618
FBtr0347339   -0.497995
FBtr0347340   -1.045837
FBtr0347343   -2.535720
FBtr0347344   -1.298857
FBtr0347347   -0.349870
FBtr0347348    0.104872
FBtr0347352    0.266664
FBtr0347354   -0.199078
Length: 17462, dtype: float64
