              SRR072893  SRR072915         sum
t_name                                        
FBtr0114258    0.000000   0.000000    0.000000
FBtr0346770    0.000000   0.000000    0.000000
FBtr0302440    0.000000   0.000000    0.000000
FBtr0302347   23.712564  17.202570   40.915134
FBtr0346769    0.000000   0.000000    0.000000
FBtr0345282    0.000000   0.000000    0.000000
FBtr0345281    0.000000   0.284474    0.284474
FBtr0300207    0.000000   0.000000    0.000000
FBtr0113885   10.997173  25.284622   36.281795
FBtr0301810   19.067924  22.792486   41.860410
FBtr0113895    6.315716  77.608521   83.924237
FBtr0345179  119.325905  84.936600  204.262505
FBtr0301812    6.421000  36.918327   43.339327
FBtr0113990   26.929455   0.000000   26.929455
FBtr0113991    0.000000   0.000000    0.000000
FBtr0344573    0.000000   0.000000    0.000000
FBtr0113989    8.754889  33.321011   42.075900
FBtr0336454    0.000000   0.000000    0.000000
FBtr0339974    0.000000   0.000000    0.000000
FBtr0301942    0.000000   0.000000    0.000000
FBtr0113694    0.000000   0.000000    0.000000
FBtr0302850    0.000000   0.000000    0.000000
FBtr0113687    0.000000   0.000000    0.000000
FBtr0113690    0.000000   0.000000    0.000000
FBtr0113692    0.000000   0.000000    0.000000
FBtr0302846    0.000000   0.000000    0.000000
FBtr0302847    0.000000   0.000000    0.000000
FBtr0302848    0.000000   0.000000    0.000000
FBtr0302849    0.000000   0.000000    0.000000
FBtr0114267    0.000000   0.000000    0.000000
...                 ...        ...         ...
FBtr0114210    0.000000   0.000000    0.000000
FBtr0308947    0.000000   0.000000    0.000000
FBtr0302352    0.000000   0.000000    0.000000
FBtr0114196    0.000000   0.000000    0.000000
FBtr0114201    0.000000   0.000000    0.000000
FBtr0114223    0.000000   0.000000    0.000000
FBtr0347034    0.000000   0.000000    0.000000
FBtr0300161    0.000000   0.000000    0.000000
FBtr0114202    0.000000   0.000000    0.000000
FBtr0114249    0.000000   0.000000    0.000000
FBtr0114285    0.000000   0.000000    0.000000
FBtr0114280    7.675375   0.000000    7.675375
FBtr0114257    0.000000   0.000000    0.000000
FBtr0302344    0.000000   0.000000    0.000000
FBtr0114218    0.000000   0.000000    0.000000
FBtr0114207    0.000000   0.000000    0.000000
FBtr0114208    0.000000   0.000000    0.000000
FBtr0114214    0.000000   0.000000    0.000000
FBtr0300167    0.000000   0.000000    0.000000
FBtr0114211    0.000000   0.000000    0.000000
FBtr0114198    0.000000   0.000000    0.000000
FBtr0114206    0.000000   0.000000    0.000000
FBtr0114253    0.000000   0.000000    0.000000
FBtr0114209    0.000000   0.000000    0.000000
FBtr0114284    0.000000   0.000000    0.000000
FBtr0114187    0.000000   0.000000    0.000000
FBtr0304147    0.000000   0.000000    0.000000
FBtr0114216    2.011199   1.985910    3.997109
FBtr0114222    0.000000   0.000000    0.000000
FBtr0114283    0.000000   0.000000    0.000000

[34718 rows x 3 columns]
               SRR072893    SRR072915          sum
t_name                                            
FBtr0345179   119.325905    84.936600   204.262505
FBtr0078962     0.000000   144.459808   144.459808
FBtr0078985    99.437752   238.851013   338.288765
FBtr0078955    57.263374    83.066391   140.329765
FBtr0078909    53.574013    56.371502   109.945515
FBtr0078921   494.754303    76.203209   570.957512
FBtr0346646    90.975266   184.898956   275.874222
FBtr0078944   103.203880   190.730637   293.934517
FBtr0078925    66.471260    52.506516   118.977776
FBtr0078926    59.305099    62.458847   121.763946
FBtr0078935   100.625885     7.058454   107.684339
FBtr0078928    51.453686   115.887901   167.341587
FBtr0078894    69.292603   183.677979   252.970582
FBtr0078893    52.736744    48.933853   101.670597
FBtr0078859    92.080780   105.332596   197.413376
FBtr0078860    77.675377    34.959999   112.635376
FBtr0336462    82.210220    56.084049   138.294269
FBtr0078892   242.192657   367.691132   609.883789
FBtr0078868    80.044975   151.183777   231.228752
FBtr0078836     0.000000   176.385742   176.385742
FBtr0078822   102.221260   257.283112   359.504372
FBtr0078806   136.630890   236.155960   372.786850
FBtr0078805   115.377190   199.420578   314.797768
FBtr0078787    66.007324   200.496277   266.503601
FBtr0078769   954.192017  1699.380493  2653.572510
FBtr0078682   128.989380   235.863785   364.853165
FBtr0078752    78.880989    27.443098   106.324087
FBtr0078751    54.852940   118.900436   173.753376
FBtr0078700   217.414261   144.095749   361.510010
FBtr0078744    83.737808   178.921585   262.659393
...                  ...          ...          ...
FBtr0085961   955.404358  1443.968994  2399.373352
FBtr0345541   868.176941  1340.599731  2208.776672
FBtr0085956   170.156754     0.000000   170.156754
FBtr0111129   342.441284   925.173462  1267.614746
FBtr0111132  1612.656372  2030.102295  3642.758667
FBtr0111252   111.250748    75.503235   186.753983
FBtr0113781   159.877655    24.813829   184.691484
FBtr0089178     0.000000   108.131485   108.131485
FBtr0308296  1597.786621  2984.539062  4582.325683
FBtr0089175    68.066856    65.177376   133.244232
FBtr0089122   157.470291   236.154068   393.624359
FBtr0333679   110.939392    18.836555   129.775947
FBtr0089110    43.107384    63.854851   106.962235
FBtr0089105    99.390770   123.645981   223.036751
FBtr0089096   108.829620    48.614265   157.443885
FBtr0089233    99.670654    11.123049   110.793703
FBtr0089221   100.611771    34.750271   135.362042
FBtr0089186   408.754913   527.634888   936.389801
FBtr0344754   336.903473    40.684971   377.588444
FBtr0333699    75.472771    79.432655   154.905426
FBtr0089192    58.268227    61.325432   119.593659
FBtr0100861    82.787125  1157.735107  1240.522232
FBtr0100863    11.620083   131.144913   142.764996
FBtr0100867    56.437389  1591.971191  1648.408580
FBtr0100868    84.574150  1695.637085  1780.211235
FBtr0100870     0.000000   106.198021   106.198021
FBtr0100879    11.151757   218.131927   229.283684
FBtr0100884    33.341347   167.244049   200.585396
FBtr0100886    25.209366   681.475891   706.685257
FBtr0100888  2339.313232  4556.642090  6895.955322

[1768 rows x 3 columns]
